make.exe all --print-data-base --no-builtin-variables --no-builtin-rules --question
make: *** No rule to make target 'all'.  Stop.
 
# GNU Make 4.3
# Built for Windows32
# Copyright (C) 1988-2020 Free Software Foundation, Inc.
# License GPLv3+: GNU GPL version 3 or later <http://gnu.org/licenses/gpl.html>
# This is free software: you are free to change and redistribute it.
# There is NO WARRANTY, to the extent permitted by law.

# Make data base, printed on Sun Jan 09 15:53:00 2022

# Variables

# environment
FPS_BROWSER_APP_PROFILE_STRING = Internet Explorer
# environment
SYSTEMDRIVE = C:
# environment
JAVA_HOME = C:\Program Files\Java\jdk1.8.0_211
# environment
LC_ALL = C
# environment
USERPROFILE = C:\Users\goldyukol
# environment
LOCALAPPDATA = C:\Users\goldyukol\AppData\Local
# environment
VSCODE_IPC_HOOK_EXTHOST = \\.\pipe\vscode-ipc-44fa86bc-2f1f-43cf-9653-cc5a2c3e3b36-sock
# environment
VSCODE_CWD = C:\WINDOWS\system32
# environment
CHOCOLATEYINSTALL = C:\ProgramData\chocolatey
# environment
SYSTEMROOT = C:\WINDOWS
# environment
PROCESSOR_LEVEL = 6
# environment
PSMODULEPATH = C:\Program Files\WindowsPowerShell\Modules;C:\WINDOWS\system32\WindowsPowerShell\v1.0\Modules
# default
MAKE_COMMAND := C:/ProgramData/chocolatey/lib/make/tools/install/bin/make.exe
# automatic
@D = $(patsubst %/,%,$(patsubst %\,%,$(dir $@)))
# environment
CHROME_CRASHPAD_PIPE_NAME = \\.\pipe\crashpad_3248_FEEWYMHRLLQUCMTL
# environment
FPS_BROWSER_USER_PROFILE_STRING = Default
# environment
VSCODE_HANDLES_UNCAUGHT_ERRORS = true
# default
.VARIABLES := 
# automatic
%D = $(patsubst %/,%,$(patsubst %\,%,$(dir $%)))
# automatic
^D = $(patsubst %/,%,$(patsubst %\,%,$(dir $^)))
# environment
VSCODE_LOG_STACK = false
# automatic
%F = $(notdir $%)
# environment
VSCODE_CODE_CACHE_PATH = C:\Users\goldyukol\AppData\Roaming\Code\CachedData\899d46d82c4c95423fb7e10e68eba52050e30ba3
# environment
LANG = C
# default
.LOADED := 
# environment
TMP = C:\Users\GOLDYU~1\AppData\Local\Temp
# default
.INCLUDE_DIRS = .
# environment
PROCESSOR_ARCHITEW6432 = AMD64
# makefile
MAKEFLAGS = pqrR
# environment
ONEDRIVE = C:\Users\goldyukol\OneDrive
# makefile
CURDIR := c:/Projects/Learning/RS-school/logs-app
# environment
VSCODE_PIPE_LOGGING = true
# environment
APPLICATION_INSIGHTS_NO_DIAGNOSTIC_CHANNEL = true
# automatic
*D = $(patsubst %/,%,$(patsubst %\,%,$(dir $*)))
# environment
PROGRAMFILES = C:\Program Files (x86)
# environment
MFLAGS = -pqrR
# default
.SHELLFLAGS := -c
# environment
COMMONPROGRAMW6432 = C:\Program Files\Common Files
# automatic
+D = $(patsubst %/,%,$(patsubst %\,%,$(dir $+)))
# makefile (from 'Makefile', line 1)
MAKEFILE_LIST := Makefile
# automatic
@F = $(notdir $@)
# environment
VSCODE_VERBOSE_LOGGING = true
# environment
VSCODE_PID = 3248
# automatic
?D = $(patsubst %/,%,$(patsubst %\,%,$(dir $?)))
# automatic
*F = $(notdir $*)
# automatic
<D = $(patsubst %/,%,$(patsubst %\,%,$(dir $<)))
# environment
VSCODE_NLS_CONFIG = {"locale":"ru","availableLanguages":{},"_languagePackSupport":true}
# default
MAKE_HOST := Windows32
# environment
ANDROID_HOME = C:\Users\goldyukol\AppData\Local\Android\Sdk
# environment
PROGRAMDATA = C:\ProgramData
# default
SHELL := sh.exe
# environment
CLASSPATH = .;
# environment
HOMEPATH = \Users\goldyukol
# default
MAKECMDGOALS := all
# environment
DRIVERDATA = C:\Windows\System32\Drivers\DriverData
# environment
COMSPEC = C:\WINDOWS\system32\cmd.exe
# environment
WINDIR = C:\WINDOWS
# environment
MAKELEVEL := 0
# default
MAKE = $(MAKE_COMMAND)
# environment
PATH = C:\WINDOWS\system32;C:\WINDOWS;C:\WINDOWS\System32\Wbem;C:\WINDOWS\System32\WindowsPowerShell\v1.0\;C:\WINDOWS\System32\OpenSSH\;C:\ProgramData\chocolatey\bin;C:\Program Files\Java\jdk1.8.0_211\bin;C:\Users\goldyukol\AppData\Local\Android\Sdk\platform-tools;C:\Program Files\Git\cmd;C:\Program Files\nodejs\;C:\Program Files\Docker\Docker\resources\bin;C:\ProgramData\DockerDesktop\version-bin;C:\Users\goldyukol\AppData\Local\Microsoft\WindowsApps;C:\Users\goldyukol\AppData\Local\Programs\Microsoft VS Code\bin;C:\Users\goldyukol\AppData\Roaming\npm
# environment
COMPUTERNAME = DESKTOP-4K31S8O
# default
MAKEFILES := 
# automatic
^F = $(notdir $^)
# environment
PROMPT = $P$G
# environment
CHOCOLATEYLASTPATHUPDATE = 132271390804743326
# environment
LOGONSERVER = \\DESKTOP-4K31S8O
# environment
VSCODE_LOG_NATIVE = false
# environment
USERNAME = goldyukol
# environment
COMMONPROGRAMFILES = C:\Program Files (x86)\Common Files
# automatic
?F = $(notdir $?)
# environment
PROGRAMW6432 = C:\Program Files
# environment
PATHEXT = .COM;.EXE;.BAT;.CMD;.VBS;.VBE;.JS;.JSE;.WSF;.WSH;.MSC
# automatic
+F = $(notdir $+)
# environment
ORIGINAL_XDG_CURRENT_DESKTOP = undefined
# environment
USERDOMAIN = DESKTOP-4K31S8O
# 'override' directive
GNUMAKEFLAGS := 
# environment
OS = Windows_NT
# makefile
.DEFAULT_GOAL := run
# default
MAKE_VERSION := 4.3
# environment
PROGRAMFILES(X86) = C:\Program Files (x86)
# environment
USERDOMAIN_ROAMINGPROFILE = DESKTOP-4K31S8O
# environment
NUMBER_OF_PROCESSORS = 4
# environment
PUBLIC = C:\Users\Public
# environment
APPDATA = C:\Users\goldyukol\AppData\Roaming
# environment
HOMEDRIVE = C:
# environment
PROCESSOR_ARCHITECTURE = x86
# environment
ANDROID_PLATFORM_TOOLS = C:\Users\goldyukol\AppData\Local\Android\Sdk\platform-tools
# environment
VSCODE_AMD_ENTRYPOINT = vs/workbench/services/extensions/node/extensionHostProcess
# environment
COMMONPROGRAMFILES(X86) = C:\Program Files (x86)\Common Files
# environment
ELECTRON_RUN_AS_NODE = 1
# environment
TEMP = C:\Users\GOLDYU~1\AppData\Local\Temp
# environment
VSCODE_IPC_HOOK = \\.\pipe\0a84d62f200839a0634305f749eacc8c-1.63.2-main-sock
# default
.RECIPEPREFIX := 
# automatic
<F = $(notdir $<)
# default
SUFFIXES := 
# environment
ALLUSERSPROFILE = C:\ProgramData
# environment
SESSIONNAME = Console
# default
.FEATURES := target-specific order-only second-expansion else-if shortest-stem undefine oneshell nocomment grouped-target extra-prereqs archives jobserver output-sync load
# environment
PROCESSOR_REVISION = 8e0a
# environment
PROCESSOR_IDENTIFIER = Intel64 Family 6 Model 142 Stepping 10, GenuineIntel
# variable set hash-table stats:
# Load=100/1024=10%, Rehash=0, Collisions=9/127=7%

# Pattern-specific Variable Values

# No pattern-specific variable values.

# Directories

# . (key c:/Projects/Learning/RS-school/logs-app, mtime 1641732775): 16 files, no impossibilities.

# 16 files, no impossibilities in 1 directories.

# Implicit Rules

# No implicit rules.

# Files

run-dev:
#  Implicit rule search has not been done.
#  Modification time never checked.
#  File has not been updated.
#  recipe to execute (from 'Makefile', line 4):
	docker run -d -p 3000:3000 -v "C:\Projects\Learning\RS-school\logs-app:/app/" -v /app/node_modules -v logs:/app/data --rm --name logsapp logsapp:volumes

# Not a target:
Makefile:
#  Implicit rule search has been done.
#  Last modified 2022-01-09 15:52:16
#  File has been updated.
#  Successfully updated.

stop:
#  Implicit rule search has not been done.
#  Modification time never checked.
#  File has not been updated.
#  recipe to execute (from 'Makefile', line 6):
	docker stop logsapp

# Not a target:
.DEFAULT:
#  Implicit rule search has not been done.
#  Modification time never checked.
#  File has not been updated.

# Not a target:
all:
#  Command line target.
#  Implicit rule search has been done.
#  File does not exist.
#  File has not been updated.

run:
#  Implicit rule search has not been done.
#  Modification time never checked.
#  File has not been updated.
#  recipe to execute (from 'Makefile', line 2):
	docker run -d -p 3000:3000 -v logs:/app/data --rm --name logsapp logsapp:volumes

# files hash-table stats:
# Load=7/1024=1%, Rehash=0, Collisions=0/17=0%
# VPATH Search Paths

# No 'vpath' search paths.

# No general ('VPATH' variable) search path.

# strcache buffers: 1 (0) / strings = 22 / storage = 171 B / avg = 7 B
# current buf: size = 8174 B / used = 171 B / count = 22 / avg = 7 B

# strcache performance: lookups = 29 / hit rate = 24%
# hash-table stats:
# Load=22/8192=0%, Rehash=0, Collisions=0/29=0%
# Finished Make data base on Sun Jan 09 15:53:00 2022

 
